<?xml version="1.0" encoding="UTF-8"?>
<!-- Generated by org.testng.reporters.JUnitReportReporter -->
<testsuite skipped="0" hostname="CBT-MH-000" name="PHPPack.CarSearch" tests="1" failures="0" timestamp="11 Oct 2019 10:23:33 GMT" time="86.271" errors="0">
  <testcase name="LaunchDriverBrowser" time="86.271" classname="PHPPack.CarSearch"/>
</testsuite> <!-- PHPPack.CarSearch -->
