<?xml version="1.0" encoding="UTF-8"?>
<!-- Generated by org.testng.reporters.JUnitReportReporter -->
<testsuite skipped="0" hostname="CBT-MH-000" name="PHPPack.BaseClass" tests="1" failures="0" timestamp="12 Oct 2019 09:29:18 GMT" time="58.161" errors="0">
  <testcase name="LaunchDriverBrowser" time="58.161" classname="PHPPack.BaseClass"/>
</testsuite> <!-- PHPPack.BaseClass -->
